<!DOCTYPE html>
<html>
  <head>
    <meta charset="utf-8"/>
    <title>Test Report</title>
    <link href="assets/style.css" rel="stylesheet" type="text/css"/></head>
  <body onLoad="init()">
    <script>/* This Source Code Form is subject to the terms of the Mozilla Public
 * License, v. 2.0. If a copy of the MPL was not distributed with this file,
 * You can obtain one at http://mozilla.org/MPL/2.0/. */


function toArray(iter) {
    if (iter === null) {
        return null;
    }
    return Array.prototype.slice.call(iter);
}

function find(selector, elem) { // eslint-disable-line no-redeclare
    if (!elem) {
        elem = document;
    }
    return elem.querySelector(selector);
}

function findAll(selector, elem) {
    if (!elem) {
        elem = document;
    }
    return toArray(elem.querySelectorAll(selector));
}

function sortColumn(elem) {
    toggleSortStates(elem);
    const colIndex = toArray(elem.parentNode.childNodes).indexOf(elem);
    let key;
    if (elem.classList.contains('result')) {
        key = keyResult;
    } else if (elem.classList.contains('links')) {
        key = keyLink;
    } else {
        key = keyAlpha;
    }
    sortTable(elem, key(colIndex));
}

function showAllExtras() { // eslint-disable-line no-unused-vars
    findAll('.col-result').forEach(showExtras);
}

function hideAllExtras() { // eslint-disable-line no-unused-vars
    findAll('.col-result').forEach(hideExtras);
}

function showExtras(colresultElem) {
    const extras = colresultElem.parentNode.nextElementSibling;
    const expandcollapse = colresultElem.firstElementChild;
    extras.classList.remove('collapsed');
    expandcollapse.classList.remove('expander');
    expandcollapse.classList.add('collapser');
}

function hideExtras(colresultElem) {
    const extras = colresultElem.parentNode.nextElementSibling;
    const expandcollapse = colresultElem.firstElementChild;
    extras.classList.add('collapsed');
    expandcollapse.classList.remove('collapser');
    expandcollapse.classList.add('expander');
}

function showFilters() {
    const filterItems = document.getElementsByClassName('filter');
    for (let i = 0; i < filterItems.length; i++)
        filterItems[i].hidden = false;
}

function addCollapse() {
    // Add links for show/hide all
    const resulttable = find('table#results-table');
    const showhideall = document.createElement('p');
    showhideall.innerHTML = '<a href="javascript:showAllExtras()">Show all details</a> / ' +
                            '<a href="javascript:hideAllExtras()">Hide all details</a>';
    resulttable.parentElement.insertBefore(showhideall, resulttable);

    // Add show/hide link to each result
    findAll('.col-result').forEach(function(elem) {
        const collapsed = getQueryParameter('collapsed') || 'Passed';
        const extras = elem.parentNode.nextElementSibling;
        const expandcollapse = document.createElement('span');
        if (extras.classList.contains('collapsed')) {
            expandcollapse.classList.add('expander');
        } else if (collapsed.includes(elem.innerHTML)) {
            extras.classList.add('collapsed');
            expandcollapse.classList.add('expander');
        } else {
            expandcollapse.classList.add('collapser');
        }
        elem.appendChild(expandcollapse);

        elem.addEventListener('click', function(event) {
            if (event.currentTarget.parentNode.nextElementSibling.classList.contains('collapsed')) {
                showExtras(event.currentTarget);
            } else {
                hideExtras(event.currentTarget);
            }
        });
    });
}

function getQueryParameter(name) {
    const match = RegExp('[?&]' + name + '=([^&]*)').exec(window.location.search);
    return match && decodeURIComponent(match[1].replace(/\+/g, ' '));
}

function init () { // eslint-disable-line no-unused-vars
    resetSortHeaders();

    addCollapse();

    showFilters();

    sortColumn(find('.initial-sort'));

    findAll('.sortable').forEach(function(elem) {
        elem.addEventListener('click',
            function() {
                sortColumn(elem);
            }, false);
    });
}

function sortTable(clicked, keyFunc) {
    const rows = findAll('.results-table-row');
    const reversed = !clicked.classList.contains('asc');
    const sortedRows = sort(rows, keyFunc, reversed);
    /* Whole table is removed here because browsers acts much slower
     * when appending existing elements.
     */
    const thead = document.getElementById('results-table-head');
    document.getElementById('results-table').remove();
    const parent = document.createElement('table');
    parent.id = 'results-table';
    parent.appendChild(thead);
    sortedRows.forEach(function(elem) {
        parent.appendChild(elem);
    });
    document.getElementsByTagName('BODY')[0].appendChild(parent);
}

function sort(items, keyFunc, reversed) {
    const sortArray = items.map(function(item, i) {
        return [keyFunc(item), i];
    });

    sortArray.sort(function(a, b) {
        const keyA = a[0];
        const keyB = b[0];

        if (keyA == keyB) return 0;

        if (reversed) {
            return keyA < keyB ? 1 : -1;
        } else {
            return keyA > keyB ? 1 : -1;
        }
    });

    return sortArray.map(function(item) {
        const index = item[1];
        return items[index];
    });
}

function keyAlpha(colIndex) {
    return function(elem) {
        return elem.childNodes[1].childNodes[colIndex].firstChild.data.toLowerCase();
    };
}

function keyLink(colIndex) {
    return function(elem) {
        const dataCell = elem.childNodes[1].childNodes[colIndex].firstChild;
        return dataCell == null ? '' : dataCell.innerText.toLowerCase();
    };
}

function keyResult(colIndex) {
    return function(elem) {
        const strings = ['Error', 'Failed', 'Rerun', 'XFailed', 'XPassed',
            'Skipped', 'Passed'];
        return strings.indexOf(elem.childNodes[1].childNodes[colIndex].firstChild.data);
    };
}

function resetSortHeaders() {
    findAll('.sort-icon').forEach(function(elem) {
        elem.parentNode.removeChild(elem);
    });
    findAll('.sortable').forEach(function(elem) {
        const icon = document.createElement('div');
        icon.className = 'sort-icon';
        icon.textContent = 'vvv';
        elem.insertBefore(icon, elem.firstChild);
        elem.classList.remove('desc', 'active');
        elem.classList.add('asc', 'inactive');
    });
}

function toggleSortStates(elem) {
    //if active, toggle between asc and desc
    if (elem.classList.contains('active')) {
        elem.classList.toggle('asc');
        elem.classList.toggle('desc');
    }

    //if inactive, reset all other functions and add ascending active
    if (elem.classList.contains('inactive')) {
        resetSortHeaders();
        elem.classList.remove('inactive');
        elem.classList.add('active');
    }
}

function isAllRowsHidden(value) {
    return value.hidden == false;
}

function filterTable(elem) { // eslint-disable-line no-unused-vars
    const outcomeAtt = 'data-test-result';
    const outcome = elem.getAttribute(outcomeAtt);
    const classOutcome = outcome + ' results-table-row';
    const outcomeRows = document.getElementsByClassName(classOutcome);

    for(let i = 0; i < outcomeRows.length; i++){
        outcomeRows[i].hidden = !elem.checked;
    }

    const rows = findAll('.results-table-row').filter(isAllRowsHidden);
    const allRowsHidden = rows.length == 0 ? true : false;
    const notFoundMessage = document.getElementById('not-found-message');
    notFoundMessage.hidden = !allRowsHidden;
}
</script>
    <h1>automation.log</h1>
    <p>Report generated on 10-Apr-2021 at 13:25:54 by <a href="https://pypi.python.org/pypi/pytest-html">pytest-html</a> v3.1.1</p>
    <h2>Environment</h2>
    <table id="environment">
      <tr>
        <td>Module Name</td>
        <td>Customers</td></tr>
      <tr>
        <td>Packages</td>
        <td>{"pluggy": "0.13.1", "py": "1.10.0", "pytest": "6.2.3"}</td></tr>
      <tr>
        <td>Platform</td>
        <td>Windows-10-10.0.18362-SP0</td></tr>
      <tr>
        <td>Project Name</td>
        <td>nop Commerce</td></tr>
      <tr>
        <td>Python</td>
        <td>3.9.2</td></tr>
      <tr>
        <td>Tester</td>
        <td>Vinayaka</td></tr></table>
    <h2>Summary</h2>
    <p>2 tests ran in 65.19 seconds. </p>
    <p class="filter" hidden="true">(Un)check the boxes to filter the results.</p><input checked="true" class="filter" data-test-result="passed" hidden="true" name="filter_checkbox" onChange="filterTable(this)" type="checkbox"/><span class="passed">2 passed</span>, <input checked="true" class="filter" data-test-result="skipped" disabled="true" hidden="true" name="filter_checkbox" onChange="filterTable(this)" type="checkbox"/><span class="skipped">0 skipped</span>, <input checked="true" class="filter" data-test-result="failed" disabled="true" hidden="true" name="filter_checkbox" onChange="filterTable(this)" type="checkbox"/><span class="failed">0 failed</span>, <input checked="true" class="filter" data-test-result="error" disabled="true" hidden="true" name="filter_checkbox" onChange="filterTable(this)" type="checkbox"/><span class="error">0 errors</span>, <input checked="true" class="filter" data-test-result="xfailed" disabled="true" hidden="true" name="filter_checkbox" onChange="filterTable(this)" type="checkbox"/><span class="xfailed">0 expected failures</span>, <input checked="true" class="filter" data-test-result="xpassed" disabled="true" hidden="true" name="filter_checkbox" onChange="filterTable(this)" type="checkbox"/><span class="xpassed">0 unexpected passes</span>
    <h2>Results</h2>
    <table id="results-table">
      <thead id="results-table-head">
        <tr>
          <th class="sortable result initial-sort" col="result">Result</th>
          <th class="sortable" col="name">Test</th>
          <th class="sortable" col="duration">Duration</th>
          <th class="sortable links" col="links">Links</th></tr>
        <tr hidden="true" id="not-found-message">
          <th colspan="4">No results found. Try to check the filters</th></tr></thead>
      <tbody class="passed results-table-row">
        <tr>
          <td class="col-result">Passed</td>
          <td class="col-name">test_AddCustomer.py::TestCommerce::test_AddNewCustomer</td>
          <td class="col-duration">43.55</td>
          <td class="col-links"></td></tr>
        <tr>
          <td class="extra" colspan="4">
            <div class="log"> -----------------------------Captured stdout setup------------------------------ <br/>Launching chrome browser.........
<br/> ------------------------------Captured stdout call------------------------------ <br/>John Smith
Logout
Dashboard
Catalog
Sales
Customers
Customers
Customer roles
Online customers
Vendors
Activity log
Activity Types
GDPR requests (log)
Promotions
Content management
Configuration
System
Reports
Help
×
The new customer has been added successfully.
Customers
Add new
Export
  Search
Email
First name
Last name
Date of birth
Month
1
2
3
4
5
6
7
8
9
10
11
12
Day
1
2
3
4
5
6
7
8
9
10
11
12
13
14
15
16
17
18
19
20
21
22
23
24
25
26
27
28
29
30
31
Company
IP address
Customer roles
Registered
Search
Learn more about customers
Email Name Customer roles Company name Active
d0ojt87a@gmail.com vini tp Registered, Vendors Tata Consultancy Services Limited Edit
telrirma@gmail.com vini tp Registered, Vendors Tata Consultancy Services Limited Edit
victoria_victoria@nopCommerce.com Victoria Terces Registered Edit
brenda_lindgren@nopCommerce.com Brenda Lindgren Registered Edit
james_pan@nopCommerce.com James Pan Registered Edit
arthur_holmes@nopCommerce.com Arthur Holmes Registered Edit
steve_gates@nopCommerce.com Steve Gates Registered Edit
admin@yourStore.com John Smith Administrators, Forum Moderators, Registered Edit
1
Show
7
15
20
50
100
items
1-8 of 8 items
Powered by nopCommerce
Saturday, April 10, 2021 2:53 AM
nopCommerce version 4.40.3
<br/> -------------------------------Captured log call-------------------------------- <br/>INFO     TestCommerce:test_AddCustomer.py:19 ############## Verifying login test####################
INFO     TestCommerce:test_AddCustomer.py:27 Dashboard / nopCommerce administration
INFO     TestCommerce:test_AddCustomer.py:35 ********* Entered Add customer Page ****  *****
INFO     TestCommerce:test_AddCustomer.py:57 ********* Add customer Test Passed *********
INFO     TestCommerce:test_AddCustomer.py:62 ******* Ending Add customer test **********<br/></div></td></tr></tbody>
      <tbody class="passed results-table-row">
        <tr>
          <td class="col-result">Passed</td>
          <td class="col-name">test_AddCustomer.py::TestCommerce::test_e2e</td>
          <td class="col-duration">21.44</td>
          <td class="col-links"></td></tr>
        <tr>
          <td class="extra" colspan="4">
            <div class="log"> -----------------------------Captured stdout setup------------------------------ <br/>Launching chrome browser.........
<br/> -------------------------------Captured log call-------------------------------- <br/>INFO     TestCommerce:test_AddCustomer.py:66 New Login
INFO     TestCommerce:test_AddCustomer.py:68 Entering into Green Kart website
INFO     TestCommerce:test_AddCustomer.py:69 
INFO     TestCommerce:test_AddCustomer.py:76 Dashboard / nopCommerce administration<br/></div></td></tr></tbody></table></body></html>2021-04-10 13:32:49,747 :INFO : TestCommerce :############## Verifying login test####################
2021-04-10 13:33:02,009 :INFO : TestCommerce :Dashboard / nopCommerce administration
2021-04-10 13:33:14,267 :INFO : TestCommerce :********* Entered Add customer Page ****  *****
2021-04-10 13:33:29,167 :INFO : TestCommerce :********* Add customer Test Passed *********
2021-04-10 13:33:29,168 :INFO : TestCommerce :******* Ending Add customer test **********
2021-04-10 13:33:31,571 :INFO : TestCommerce :New Login
2021-04-10 13:33:31,571 :INFO : TestCommerce :Entering into Green Kart website
2021-04-10 13:33:32,374 :INFO : TestCommerce :
2021-04-10 13:33:45,305 :INFO : TestCommerce :Dashboard / nopCommerce administration
2021-04-10 13:35:27,179 :INFO : Test_001_Login :############## test_homePageTitle ####################
2021-04-10 13:35:27,180 :INFO : Test_001_Login :############## Verify home page title ####################
2021-04-10 13:35:36,548 :INFO : Test_001_Login :############## homePageTitle test is passed####################
2021-04-10 13:35:38,784 :INFO : Test_001_Login :############## Verifying login test####################
2021-04-10 13:35:49,707 :INFO : Test_001_Login :############## login test is passed####################
2021-04-10 15:20:56,129 :INFO : TestCommerce :############## Verifying login test####################
2021-04-10 15:21:27,475 :INFO : TestCommerce :Dashboard / nopCommerce administration
2021-04-10 15:21:43,418 :INFO : TestCommerce :********* Entered Add customer Page ****  *****
2021-04-10 15:21:59,479 :INFO : TestCommerce :********* Add customer Test Passed *********
2021-04-10 15:21:59,480 :INFO : TestCommerce :******* Ending Add customer test **********
2021-04-10 15:22:03,200 :INFO : TestCommerce :New Login
2021-04-10 15:22:03,200 :INFO : TestCommerce :Entering into Green Kart website
2021-04-10 15:22:03,882 :INFO : TestCommerce :
2021-04-10 15:22:14,797 :INFO : TestCommerce :Dashboard / nopCommerce administration
2021-04-10 19:48:01,805 :INFO : TestCommerce_03_AddCustomer :############## Verifying login test####################
2021-04-10 19:48:10,767 :INFO : TestCommerce_03_AddCustomer :Dashboard / nopCommerce administration
2021-04-10 19:48:25,790 :INFO : TestCommerce_03_AddCustomer :********* Entered Add customer Page ****  *****
2021-04-10 19:48:44,623 :INFO : TestCommerce_03_AddCustomer :********* Add customer Test Passed *********
2021-04-10 19:48:44,623 :INFO : TestCommerce_03_AddCustomer :******* Ending Add customer test **********
2021-04-10 19:48:47,951 :INFO : TestCommerce_03_AddCustomer :New Login
2021-04-10 19:48:47,951 :INFO : TestCommerce_03_AddCustomer :Entering into Green Kart website
2021-04-10 19:48:48,628 :INFO : TestCommerce_03_AddCustomer :
2021-04-10 19:49:00,577 :INFO : TestCommerce_03_AddCustomer :Dashboard / nopCommerce administration
2021-04-10 19:50:12,754 :INFO : TestCommerce_03_AddCustomer :############## Verifying login test####################
2021-04-10 19:50:23,799 :INFO : TestCommerce_03_AddCustomer :Dashboard / nopCommerce administration
2021-04-10 19:50:35,871 :INFO : TestCommerce_03_AddCustomer :********* Entered Add customer Page ****  *****
2021-04-10 19:50:54,600 :INFO : TestCommerce_03_AddCustomer :********* Add customer Test Passed *********
2021-04-10 19:50:54,600 :INFO : TestCommerce_03_AddCustomer :******* Ending Add customer test **********
2021-04-10 19:51:06,361 :INFO : TestCommerce_03_AddCustomer :New Login
2021-04-10 19:51:06,361 :INFO : TestCommerce_03_AddCustomer :Entering into Green Kart website
2021-04-10 19:51:06,385 :INFO : TestCommerce_03_AddCustomer :
2021-04-10 19:51:19,284 :INFO : TestCommerce_03_AddCustomer :Dashboard / nopCommerce administration
2021-04-10 22:25:58,522 :INFO : TestCommerce_03_AddCustomer :############## Verifying login test####################
2021-04-10 22:26:09,153 :INFO : TestCommerce_03_AddCustomer :Dashboard / nopCommerce administration
2021-04-10 22:26:28,144 :INFO : TestCommerce_03_AddCustomer :New Login
2021-04-10 22:26:28,144 :INFO : TestCommerce_03_AddCustomer :Entering into Green Kart website
2021-04-10 22:26:28,158 :INFO : TestCommerce_03_AddCustomer :
2021-04-10 22:26:41,633 :INFO : TestCommerce_03_AddCustomer :Dashboard / nopCommerce administration
2021-04-10 22:27:26,026 :INFO : TestCommerce_03_AddCustomer :############## Verifying login test####################
2021-04-10 22:27:44,079 :INFO : TestCommerce_03_AddCustomer :Dashboard / nopCommerce administration
2021-04-10 22:27:59,292 :INFO : TestCommerce_03_AddCustomer :********* Entered Add customer Page ****  *****
2021-04-10 22:28:05,038 :INFO : TestCommerce_03_AddCustomer :New Login
2021-04-10 22:28:05,039 :INFO : TestCommerce_03_AddCustomer :Entering into Green Kart website
2021-04-10 22:28:06,101 :INFO : TestCommerce_03_AddCustomer :
2021-04-10 22:28:26,247 :INFO : TestCommerce_03_AddCustomer :Dashboard / nopCommerce administration
2021-04-10 22:38:49,068 :INFO : TestCommerce_03_AddCustomer :############## Verifying login test####################
2021-04-10 22:39:01,642 :INFO : TestCommerce_03_AddCustomer :Dashboard / nopCommerce administration
2021-04-10 22:39:13,870 :INFO : TestCommerce_03_AddCustomer :********* Entered Add customer Page ****  *****
2021-04-10 22:39:17,678 :INFO : TestCommerce_03_AddCustomer :New Login
2021-04-10 22:39:17,678 :INFO : TestCommerce_03_AddCustomer :Entering into Green Kart website
2021-04-10 22:39:18,027 :INFO : TestCommerce_03_AddCustomer :
2021-04-10 22:55:19,744 :INFO : TestCommerce_03_AddCustomer :############## Verifying login test####################
2021-04-10 22:55:36,446 :INFO : TestCommerce_03_AddCustomer :Dashboard / nopCommerce administration
2021-04-10 22:55:49,866 :INFO : TestCommerce_03_AddCustomer :********* Entered Add customer Page ****  *****
2021-04-10 22:56:19,169 :INFO : TestCommerce_03_AddCustomer :New Login
2021-04-10 22:56:19,169 :INFO : TestCommerce_03_AddCustomer :Entering into Green Kart website
2021-04-10 22:56:19,872 :INFO : TestCommerce_03_AddCustomer :
2021-04-10 22:56:35,599 :INFO : TestCommerce_03_AddCustomer :Dashboard / nopCommerce administration
2021-04-10 22:57:35,118 :INFO : TestCommerce_03_AddCustomer :############## Verifying login test####################
2021-04-10 22:57:50,177 :INFO : TestCommerce_03_AddCustomer :Dashboard / nopCommerce administration
2021-04-10 22:58:02,816 :INFO : TestCommerce_03_AddCustomer :********* Entered Add customer Page ****  *****
2021-04-10 22:58:32,446 :INFO : TestCommerce_03_AddCustomer :New Login
2021-04-10 22:58:32,446 :INFO : TestCommerce_03_AddCustomer :Entering into Green Kart website
2021-04-10 22:58:32,479 :INFO : TestCommerce_03_AddCustomer :
2021-04-10 22:58:52,159 :INFO : TestCommerce_03_AddCustomer :Dashboard / nopCommerce administration
2021-04-10 22:59:58,540 :INFO : TestCommerce_03_AddCustomer :############## Verifying login test####################
2021-04-10 23:00:12,221 :INFO : TestCommerce_03_AddCustomer :Dashboard / nopCommerce administration
2021-04-10 23:00:28,653 :INFO : TestCommerce_03_AddCustomer :********* Entered Add customer Page ****  *****
2021-04-10 23:00:57,731 :INFO : TestCommerce_03_AddCustomer :New Login
2021-04-10 23:00:57,732 :INFO : TestCommerce_03_AddCustomer :Entering into Green Kart website
2021-04-10 23:00:58,544 :INFO : TestCommerce_03_AddCustomer :
2021-04-10 23:07:49,744 :INFO : TestCommerce_03_AddCustomer :############## Verifying login test####################
2021-04-10 23:08:03,542 :INFO : TestCommerce_03_AddCustomer :Dashboard / nopCommerce administration
2021-04-10 23:08:16,646 :INFO : TestCommerce_03_AddCustomer :********* Entered Add customer Page ****  *****
2021-04-10 23:08:45,059 :INFO : TestCommerce_03_AddCustomer :New Login
2021-04-10 23:08:45,059 :INFO : TestCommerce_03_AddCustomer :Entering into Green Kart website
2021-04-10 23:08:45,597 :INFO : TestCommerce_03_AddCustomer :
2021-04-10 23:13:09,784 :INFO : TestCommerce_03_AddCustomer :############## Verifying login test####################
2021-04-10 23:13:22,095 :INFO : TestCommerce_03_AddCustomer :Dashboard / nopCommerce administration
2021-04-10 23:13:35,155 :INFO : TestCommerce_03_AddCustomer :********* Entered Add customer Page ****  *****
2021-04-10 23:14:06,623 :INFO : TestCommerce_03_AddCustomer :New Login
2021-04-10 23:14:06,623 :INFO : TestCommerce_03_AddCustomer :Entering into Green Kart website
2021-04-10 23:14:07,542 :INFO : TestCommerce_03_AddCustomer :
2021-04-10 23:14:47,667 :INFO : TestCommerce_03_AddCustomer :############## Verifying login test####################
2021-04-10 23:14:56,180 :INFO : TestCommerce_03_AddCustomer :Dashboard / nopCommerce administration
2021-04-10 23:15:09,242 :INFO : TestCommerce_03_AddCustomer :********* Entered Add customer Page ****  *****
2021-04-10 23:15:49,838 :INFO : TestCommerce_03_AddCustomer :********* Add customer Test Passed *********
2021-04-10 23:15:49,838 :INFO : TestCommerce_03_AddCustomer :******* Ending Add customer test **********
2021-04-10 23:15:55,101 :INFO : TestCommerce_03_AddCustomer :New Login
2021-04-10 23:15:55,101 :INFO : TestCommerce_03_AddCustomer :Entering into Green Kart website
2021-04-10 23:15:55,984 :INFO : TestCommerce_03_AddCustomer :
2021-04-10 23:16:06,507 :INFO : TestCommerce_03_AddCustomer :Dashboard / nopCommerce administration
2021-04-11 11:20:48,606 :INFO : TestCommerce_03_AddCustomer :############## Verifying login test####################
2021-04-11 11:21:05,796 :INFO : TestCommerce_03_AddCustomer :Dashboard / nopCommerce administration
2021-04-11 11:21:23,879 :INFO : TestCommerce_03_AddCustomer :********* Entered Add customer Page ****  *****
2021-04-11 11:21:59,529 :INFO : TestCommerce_03_AddCustomer :********* Add customer Test Passed *********
2021-04-11 11:21:59,529 :INFO : TestCommerce_03_AddCustomer :******* Ending Add customer test **********
2021-04-11 11:22:02,804 :INFO : TestCommerce_03_AddCustomer :New Login
2021-04-11 11:22:02,804 :INFO : TestCommerce_03_AddCustomer :Entering into Green Kart website
2021-04-11 11:22:02,900 :INFO : TestCommerce_03_AddCustomer :
2021-04-11 11:22:16,505 :INFO : TestCommerce_03_AddCustomer :Dashboard / nopCommerce administration
2021-04-11 11:24:12,606 :INFO : TestCommerce_03_AddCustomer :############## Verifying login test####################
2021-04-11 11:24:27,152 :INFO : TestCommerce_03_AddCustomer :Dashboard / nopCommerce administration
2021-04-11 11:24:42,912 :INFO : TestCommerce_03_AddCustomer :********* Entered Add customer Page ****  *****
2021-04-11 11:25:18,432 :INFO : TestCommerce_03_AddCustomer :********* Add customer Test Passed *********
2021-04-11 11:25:18,432 :INFO : TestCommerce_03_AddCustomer :******* Ending Add customer test **********
2021-04-11 11:25:21,394 :INFO : TestCommerce_03_AddCustomer :New Login
2021-04-11 11:25:21,394 :INFO : TestCommerce_03_AddCustomer :Entering into Green Kart website
2021-04-11 11:25:21,736 :INFO : TestCommerce_03_AddCustomer :
2021-04-11 11:25:37,864 :INFO : TestCommerce_03_AddCustomer :Dashboard / nopCommerce administration
2021-04-11 22:11:07,488 :INFO : Test_001_Login :############## test_homePageTitle ####################
2021-04-11 22:11:07,504 :INFO : Test_001_Login :############## Verify home page title ####################
2021-04-11 22:11:14,277 :INFO : Test_001_Login :############## homePageTitle test is passed####################
2021-04-11 22:11:16,840 :INFO : Test_001_Login :############## Verifying login test####################
2021-04-11 22:11:23,185 :ERROR : Test_001_Login :############## login test is failed####################
2021-04-11 22:12:37,101 :INFO : Test_001_Login :############## test_homePageTitle ####################
2021-04-11 22:12:37,101 :INFO : Test_001_Login :############## Verify home page title ####################
2021-04-11 22:12:48,761 :INFO : Test_001_Login :############## homePageTitle test is passed####################
2021-04-11 22:12:51,366 :INFO : Test_001_Login :############## Verifying login test####################
2021-04-11 22:13:05,893 :INFO : Test_001_Login :############## login test is passed####################
2021-04-11 22:28:13,018 :INFO : TestCommerce_03_AddCustomer :############## Verifying login test####################
2021-04-11 22:28:19,796 :INFO : TestCommerce_03_AddCustomer :Your store. Login
2021-04-11 22:28:22,724 :INFO : TestCommerce_03_AddCustomer :New Login
2021-04-11 22:28:22,724 :INFO : TestCommerce_03_AddCustomer :Entering into Green Kart website
2021-04-11 22:28:23,369 :INFO : TestCommerce_03_AddCustomer :
2021-04-11 22:28:38,471 :INFO : TestCommerce_03_AddCustomer :Dashboard / nopCommerce administration
2021-04-11 22:31:02,093 :INFO : TestCommerce_03_AddCustomer :############## Verifying login test####################
2021-04-11 22:31:09,198 :INFO : TestCommerce_03_AddCustomer :Your store. Login
2021-04-11 22:31:11,670 :INFO : TestCommerce_03_AddCustomer :New Login
2021-04-11 22:31:11,670 :INFO : TestCommerce_03_AddCustomer :Entering into Green Kart website
2021-04-11 22:31:12,597 :INFO : TestCommerce_03_AddCustomer :
2021-04-11 22:31:28,445 :INFO : TestCommerce_03_AddCustomer :Dashboard / nopCommerce administration
2021-04-11 22:33:21,265 :INFO : TestCommerce_03_AddCustomer :############## Verifying login test####################
2021-04-11 22:33:32,107 :INFO : TestCommerce_03_AddCustomer :Dashboard / nopCommerce administration
2021-04-11 22:33:36,150 :INFO : TestCommerce_03_AddCustomer :New Login
2021-04-11 22:33:36,150 :INFO : TestCommerce_03_AddCustomer :Entering into Green Kart website
2021-04-11 22:33:36,959 :INFO : TestCommerce_03_AddCustomer :
2021-04-11 22:33:51,883 :INFO : TestCommerce_03_AddCustomer :Dashboard / nopCommerce administration
2021-04-11 22:39:26,721 :INFO : TestCommerce_03_AddCustomer :############## Verifying login test####################
2021-04-11 22:39:39,815 :INFO : TestCommerce_03_AddCustomer :Dashboard / nopCommerce administration
2021-04-11 22:39:53,274 :INFO : TestCommerce_03_AddCustomer :********* Entered Add customer Page ****  *****
2021-04-11 22:40:29,588 :INFO : TestCommerce_03_AddCustomer :********* Add customer Test Passed *********
2021-04-11 22:40:29,588 :INFO : TestCommerce_03_AddCustomer :******* Ending Add customer test **********
2021-04-11 22:40:32,309 :INFO : TestCommerce_03_AddCustomer :New Login
2021-04-11 22:40:32,309 :INFO : TestCommerce_03_AddCustomer :Entering into Green Kart website
2021-04-11 22:40:33,011 :INFO : TestCommerce_03_AddCustomer :
2021-04-11 22:40:43,855 :INFO : TestCommerce_03_AddCustomer :Dashboard / nopCommerce administration
2021-04-12 07:00:23,677 :INFO : TestCommerce_03_AddCustomer :############## Verifying login test####################
2021-04-12 07:00:39,949 :INFO : TestCommerce_03_AddCustomer :Dashboard / nopCommerce administration
2021-04-12 07:00:57,602 :INFO : TestCommerce_03_AddCustomer :********* Entered Add customer Page ****  *****
2021-04-12 07:01:28,532 :INFO : TestCommerce_03_AddCustomer :New Login
2021-04-12 07:01:28,533 :INFO : TestCommerce_03_AddCustomer :Entering into Green Kart website
2021-04-12 07:01:33,400 :INFO : TestCommerce_03_AddCustomer :
2021-04-12 07:04:31,549 :INFO : TestCommerce_03_AddCustomer :############## Verifying login test####################
2021-04-12 07:04:45,480 :INFO : TestCommerce_03_AddCustomer :Dashboard / nopCommerce administration
2021-04-12 07:04:53,691 :INFO : TestCommerce_03_AddCustomer :********* Entered Add customer Page ****  *****
2021-04-12 07:05:03,002 :INFO : TestCommerce_03_AddCustomer :New Login
2021-04-12 07:05:03,003 :INFO : TestCommerce_03_AddCustomer :Entering into Green Kart website
2021-04-12 07:05:03,011 :INFO : TestCommerce_03_AddCustomer :
2021-04-12 07:05:18,429 :INFO : TestCommerce_03_AddCustomer :Dashboard / nopCommerce administration
2021-04-12 07:07:22,686 :INFO : TestCommerce_03_AddCustomer :############## Verifying login test####################
2021-04-12 07:07:39,602 :INFO : TestCommerce_03_AddCustomer :Dashboard / nopCommerce administration
2021-04-12 07:07:49,762 :INFO : TestCommerce_03_AddCustomer :********* Entered Add customer Page ****  *****
2021-04-12 07:08:35,122 :INFO : TestCommerce_03_AddCustomer :********* Add customer Test Passed *********
2021-04-12 07:08:35,123 :INFO : TestCommerce_03_AddCustomer :******* Ending Add customer test **********
2021-04-12 07:08:39,309 :INFO : TestCommerce_03_AddCustomer :New Login
2021-04-12 07:08:39,310 :INFO : TestCommerce_03_AddCustomer :Entering into Green Kart website
2021-04-12 07:08:40,631 :INFO : TestCommerce_03_AddCustomer :
2021-04-12 07:08:54,992 :INFO : TestCommerce_03_AddCustomer :Dashboard / nopCommerce administration
2021-04-12 07:22:59,165 :INFO : TestCommerce_03_AddCustomer :############## Verifying login test####################
2021-04-12 07:23:42,802 :INFO : TestCommerce_03_AddCustomer :Dashboard / nopCommerce administration
2021-04-12 07:23:53,779 :INFO : TestCommerce_03_AddCustomer :********* Entered Add customer Page ****  *****
2021-04-12 07:24:41,212 :INFO : TestCommerce_03_AddCustomer :********* Add customer Test Passed *********
2021-04-12 07:24:41,213 :INFO : TestCommerce_03_AddCustomer :******* Ending Add customer test **********
2021-04-12 07:24:45,162 :INFO : TestCommerce_03_AddCustomer :New Login
2021-04-12 07:24:45,163 :INFO : TestCommerce_03_AddCustomer :Entering into Green Kart website
2021-04-12 07:24:46,493 :INFO : TestCommerce_03_AddCustomer :
2021-04-12 07:24:57,510 :INFO : TestCommerce_03_AddCustomer :Dashboard / nopCommerce administration
2021-04-12 07:26:36,226 :INFO : TestCommerce_03_AddCustomer :############## Verifying login test####################
2021-04-12 07:26:52,323 :INFO : TestCommerce_03_AddCustomer :Dashboard / nopCommerce administration
2021-04-12 07:27:01,166 :INFO : TestCommerce_03_AddCustomer :********* Entered Add customer Page ****  *****
2021-04-12 07:27:46,651 :INFO : TestCommerce_03_AddCustomer :********* Add customer Test Passed *********
2021-04-12 07:27:46,652 :INFO : TestCommerce_03_AddCustomer :******* Ending Add customer test **********
2021-04-12 07:27:51,264 :INFO : Test_001_Login :############## Verifying login test####################
2021-04-12 07:28:00,669 :INFO : Test_001_Login :############## login test is passed####################
2021-04-12 07:40:45,598 :INFO : TestCommerce_03_AddCustomer :############## Verifying login test####################
2021-04-12 07:41:00,743 :INFO : TestCommerce_03_AddCustomer :Dashboard / nopCommerce administration
2021-04-12 07:41:11,106 :INFO : TestCommerce_03_AddCustomer :********* Entered Add customer Page ****  *****
2021-04-12 07:41:55,863 :INFO : TestCommerce_03_AddCustomer :********* Add customer Test Passed *********
2021-04-12 07:41:55,863 :INFO : TestCommerce_03_AddCustomer :******* Ending Add customer test **********
2021-04-12 07:42:00,573 :INFO : Test_001_Login :############## Verifying login test####################
2021-04-12 07:42:17,253 :INFO : Test_001_Login :############## login test is passed####################
2021-04-12 07:49:02,918 :INFO : Test_001_Login :############## test_homePageTitle ####################
2021-04-12 07:49:02,918 :INFO : Test_001_Login :############## Verify home page title ####################
2021-04-12 07:49:39,621 :INFO : Test_001_Login :############## homePageTitle test is passed####################
2021-04-12 07:49:45,557 :INFO : Test_001_Login :############## Verifying login test####################
2021-04-12 07:50:09,934 :INFO : Test_001_Login :############## login test is passed####################
2021-04-12 07:52:32,120 :INFO : TestCommerce_03_AddCustomer :############## Verifying login test####################
2021-04-12 07:52:47,520 :INFO : TestCommerce_03_AddCustomer :Dashboard / nopCommerce administration
2021-04-12 07:52:59,770 :INFO : TestCommerce_03_AddCustomer :********* Entered Add customer Page ****  *****
2021-04-12 07:53:44,833 :INFO : TestCommerce_03_AddCustomer :********* Add customer Test Passed *********
2021-04-12 07:53:44,833 :INFO : TestCommerce_03_AddCustomer :******* Ending Add customer test **********
2021-04-12 07:53:49,434 :INFO : TestCommerce_03_AddCustomer :New Login
2021-04-12 07:53:49,434 :INFO : TestCommerce_03_AddCustomer :Entering into Green Kart website
2021-04-12 07:53:51,419 :INFO : TestCommerce_03_AddCustomer :
2021-04-12 07:54:09,891 :INFO : TestCommerce_03_AddCustomer :Dashboard / nopCommerce administration
2021-04-12 08:03:48,721 :INFO : TestCommerce_03_AddCustomer :############## Verifying login test####################
2021-04-12 08:04:03,541 :INFO : TestCommerce_03_AddCustomer :Dashboard / nopCommerce administration
2021-04-12 08:04:11,533 :INFO : TestCommerce_03_AddCustomer :********* Entered Add customer Page ****  *****
2021-04-12 08:04:53,230 :INFO : TestCommerce_03_AddCustomer :********* Add customer Test Passed *********
2021-04-12 08:04:53,230 :INFO : TestCommerce_03_AddCustomer :******* Ending Add customer test **********
2021-04-12 08:04:57,431 :INFO : Test_001_Login :############## Verifying login test####################
2021-04-12 08:05:10,013 :INFO : Test_001_Login :############## login test is passed####################
2021-04-12 08:05:50,846 :INFO : TestCommerce_03_AddCustomer :############## Verifying login test####################
2021-04-12 08:06:03,110 :INFO : TestCommerce_03_AddCustomer :Dashboard / nopCommerce administration
2021-04-12 08:06:11,294 :INFO : TestCommerce_03_AddCustomer :********* Entered Add customer Page ****  *****
2021-04-12 08:06:54,731 :INFO : TestCommerce_03_AddCustomer :********* Add customer Test Passed *********
2021-04-12 08:06:54,731 :INFO : TestCommerce_03_AddCustomer :******* Ending Add customer test **********
2021-04-12 08:06:58,167 :INFO : Test_001_Login :############## Verifying login test####################
2021-04-12 08:07:12,984 :INFO : Test_001_Login :############## login test is passed####################
2021-04-12 08:07:41,323 :INFO : TestCommerce_03_AddCustomer :############## Verifying login test####################
2021-04-12 08:07:48,757 :INFO : TestCommerce_03_AddCustomer :Dashboard / nopCommerce administration
2021-04-12 08:08:27,621 :INFO : Test_001_Login :############## test_homePageTitle ####################
2021-04-12 08:08:27,621 :INFO : Test_001_Login :############## Verify home page title ####################
2021-04-12 08:09:43,300 :INFO : Test_001_Login :############## homePageTitle test is passed####################
2021-04-12 08:10:14,453 :INFO : Test_001_Login :############## Verifying login test####################
2021-04-12 08:12:40,668 :INFO : TestCommerce_03_AddCustomer :############## Verifying login test####################
2021-04-12 08:12:55,030 :INFO : TestCommerce_03_AddCustomer :Dashboard / nopCommerce administration
2021-04-12 08:13:03,982 :INFO : TestCommerce_03_AddCustomer :********* Entered Add customer Page ****  *****
2021-04-12 08:13:47,017 :INFO : TestCommerce_03_AddCustomer :********* Add customer Test Passed *********
2021-04-12 08:13:47,017 :INFO : TestCommerce_03_AddCustomer :******* Ending Add customer test **********
2021-04-12 08:13:50,759 :INFO : Test_001_Login :############## Verifying login test####################
2021-04-12 08:14:02,070 :INFO : Test_001_Login :############## login test is passed####################
2021-04-12 08:44:48,018 :INFO : TestCommerce_03_AddCustomer :############## Verifying login test####################
2021-04-12 08:46:13,051 :INFO : TestCommerce_03_AddCustomer :Your store. Login
2021-04-12 08:46:52,970 :INFO : Test_001_Login :############## Verifying login test####################
2021-04-12 08:55:10,211 :ERROR : Test_001_Login :############## login test is failed####################
